<?xml version="1.0" encoding="UTF-8"?>
<robot generator="Robot 6.0.1 (Python 3.11.1 on win32)" generated="20230126 16:54:21.870" rpa="false" schemaversion="3">
<suite id="s1" name="Test V-Acc" source="C:\Users\Ilham BOURHAIM\PycharmProjects\pythonProject4\projet4\tests\test_v-acc.robot">
<test id="s1-t1" name="Alimentation DC" line="7">
<kw name="open the browser with URL" library="resources">
<kw name="Create Webdriver" library="SeleniumLibrary">
<arg>Chrome</arg>
<doc>Creates an instance of Selenium WebDriver.</doc>
<msg timestamp="20230126 16:54:22.219" level="INFO">Creating an instance of the Chrome WebDriver.</msg>
<status status="PASS" starttime="20230126 16:54:22.219" endtime="20230126 16:54:23.897"/>
</kw>
<kw name="Go To" library="SeleniumLibrary">
<arg>http://192.168.31.31/</arg>
<doc>Navigates the current browser window to the provided ``url``.</doc>
<msg timestamp="20230126 16:54:23.902" level="INFO">Opening url 'http://192.168.31.31/'</msg>
<status status="PASS" starttime="20230126 16:54:23.901" endtime="20230126 16:54:26.037"/>
</kw>
<status status="PASS" starttime="20230126 16:54:22.219" endtime="20230126 16:54:26.038"/>
</kw>
<kw name="click an alimentation-Alimentation DC">
<kw name="Click Element" library="SeleniumLibrary">
<arg>xpath://span[contains(text(),'Alimentations')]</arg>
<doc>Click the element identified by ``locator``.</doc>
<msg timestamp="20230126 16:54:26.041" level="INFO">Clicking element 'xpath://span[contains(text(),'Alimentations')]'.</msg>
<status status="PASS" starttime="20230126 16:54:26.039" endtime="20230126 16:54:28.663"/>
</kw>
<kw name="Sleep" library="BuiltIn">
<arg>4</arg>
<doc>Pauses the test executed for the given time.</doc>
<msg timestamp="20230126 16:54:32.665" level="INFO">Slept 4 seconds</msg>
<status status="PASS" starttime="20230126 16:54:28.664" endtime="20230126 16:54:32.665"/>
</kw>
<kw name="Click Element" library="SeleniumLibrary">
<arg>css:body.page-template-default.page.page-id-775.theme-flatsome.woocommerce-js.yith-wcan-pro.lightbox.nav-dropdown-has-shadow.nav-dropdown-has-border.page-template-blank.page-template-blank-php:nth-child(2) div.content-area section.section:nth-child(3) div.section-content.relative:nth-child(2) div.row:nth-child(1) div.col.medium-4.small-12.large-4:nth-child(3) div.col-inner.box-shadow-3:nth-child(1) div.row.row-collapse div.col.medium-8.large-8:nth-child(2) div.col-inner h3:nth-child(2) &gt; a:nth-child(1)</arg>
<doc>Click the element identified by ``locator``.</doc>
<msg timestamp="20230126 16:54:32.665" level="INFO">Clicking element 'css:body.page-template-default.page.page-id-775.theme-flatsome.woocommerce-js.yith-wcan-pro.lightbox.nav-dropdown-has-shadow.nav-dropdown-has-border.page-template-blank.page-template-blank-php:nth-child(2) div.content-area section.section:nth-child(3) div.section-content.relative:nth-child(2) div.row:nth-child(1) div.col.medium-4.small-12.large-4:nth-child(3) div.col-inner.box-shadow-3:nth-child(1) div.row.row-collapse div.col.medium-8.large-8:nth-child(2) div.col-inner h3:nth-child(2) &gt; a:nth-child(1)'.</msg>
<status status="PASS" starttime="20230126 16:54:32.665" endtime="20230126 16:54:34.476"/>
</kw>
<kw name="Sleep" library="BuiltIn">
<arg>5</arg>
<doc>Pauses the test executed for the given time.</doc>
<msg timestamp="20230126 16:54:39.477" level="INFO">Slept 5 seconds</msg>
<status status="PASS" starttime="20230126 16:54:34.476" endtime="20230126 16:54:39.478"/>
</kw>
<status status="PASS" starttime="20230126 16:54:26.039" endtime="20230126 16:54:39.479"/>
</kw>
<kw name="filtrer les produits by attribute">
<kw name="Select From List By Index" library="SeleniumLibrary">
<arg>xpath://body/div[@id='wrapper']/main[@id='main']/div[1]/div[1]/div[1]/aside[1]/div[2]/div[1]/div[2]/select[1]</arg>
<arg>4</arg>
<doc>Selects options from selection list ``locator`` by ``indexes``.</doc>
<msg timestamp="20230126 16:54:39.486" level="INFO">Selecting options from selection list 'xpath://body/div[@id='wrapper']/main[@id='main']/div[1]/div[1]/div[1]/aside[1]/div[2]/div[1]/div[2]/select[1]' by index 4.</msg>
<status status="PASS" starttime="20230126 16:54:39.482" endtime="20230126 16:54:39.659"/>
</kw>
<kw name="Sleep" library="BuiltIn">
<arg>10</arg>
<doc>Pauses the test executed for the given time.</doc>
<msg timestamp="20230126 16:54:49.659" level="INFO">Slept 10 seconds</msg>
<status status="PASS" starttime="20230126 16:54:39.659" endtime="20230126 16:54:49.659"/>
</kw>
<kw name="Select From List By Index" library="SeleniumLibrary">
<arg>xpath://body/div[@id='wrapper']/main[@id='main']/div[1]/div[1]/div[1]/aside[1]/div[2]/div[2]/div[2]/select[1]</arg>
<arg>1</arg>
<doc>Selects options from selection list ``locator`` by ``indexes``.</doc>
<msg timestamp="20230126 16:54:49.660" level="INFO">Selecting options from selection list 'xpath://body/div[@id='wrapper']/main[@id='main']/div[1]/div[1]/div[1]/aside[1]/div[2]/div[2]/div[2]/select[1]' by index 1.</msg>
<status status="PASS" starttime="20230126 16:54:49.659" endtime="20230126 16:54:49.799"/>
</kw>
<kw name="Sleep" library="BuiltIn">
<arg>5</arg>
<doc>Pauses the test executed for the given time.</doc>
<msg timestamp="20230126 16:54:54.801" level="INFO">Slept 5 seconds</msg>
<status status="PASS" starttime="20230126 16:54:49.800" endtime="20230126 16:54:54.802"/>
</kw>
<kw name="Select From List By Index" library="SeleniumLibrary">
<arg>xpath://body/div[@id='wrapper']/main[@id='main']/div[1]/div[1]/div[1]/aside[1]/div[2]/div[3]/div[2]/select[1]</arg>
<arg>1</arg>
<doc>Selects options from selection list ``locator`` by ``indexes``.</doc>
<msg timestamp="20230126 16:54:54.805" level="INFO">Selecting options from selection list 'xpath://body/div[@id='wrapper']/main[@id='main']/div[1]/div[1]/div[1]/aside[1]/div[2]/div[3]/div[2]/select[1]' by index 1.</msg>
<status status="PASS" starttime="20230126 16:54:54.802" endtime="20230126 16:54:54.944"/>
</kw>
<kw name="Sleep" library="BuiltIn">
<arg>5</arg>
<doc>Pauses the test executed for the given time.</doc>
<msg timestamp="20230126 16:54:59.945" level="INFO">Slept 5 seconds</msg>
<status status="PASS" starttime="20230126 16:54:54.944" endtime="20230126 16:54:59.945"/>
</kw>
<kw name="Select From List By Index" library="SeleniumLibrary">
<arg>xpath://body/div[@id='wrapper']/main[@id='main']/div[1]/div[1]/div[1]/aside[1]/div[2]/div[4]/div[2]/select[1]</arg>
<arg>1</arg>
<doc>Selects options from selection list ``locator`` by ``indexes``.</doc>
<msg timestamp="20230126 16:54:59.947" level="INFO">Selecting options from selection list 'xpath://body/div[@id='wrapper']/main[@id='main']/div[1]/div[1]/div[1]/aside[1]/div[2]/div[4]/div[2]/select[1]' by index 1.</msg>
<status status="PASS" starttime="20230126 16:54:59.945" endtime="20230126 16:55:00.084"/>
</kw>
<kw name="Sleep" library="BuiltIn">
<arg>5</arg>
<doc>Pauses the test executed for the given time.</doc>
<msg timestamp="20230126 16:55:05.085" level="INFO">Slept 5 seconds</msg>
<status status="PASS" starttime="20230126 16:55:00.085" endtime="20230126 16:55:05.085"/>
</kw>
<kw name="Select From List By Index" library="SeleniumLibrary">
<arg>xpath://body/div[@id='wrapper']/main[@id='main']/div[1]/div[1]/div[1]/aside[1]/div[2]/div[5]/div[2]/select[1]</arg>
<arg>1</arg>
<doc>Selects options from selection list ``locator`` by ``indexes``.</doc>
<msg timestamp="20230126 16:55:05.086" level="INFO">Selecting options from selection list 'xpath://body/div[@id='wrapper']/main[@id='main']/div[1]/div[1]/div[1]/aside[1]/div[2]/div[5]/div[2]/select[1]' by index 1.</msg>
<status status="PASS" starttime="20230126 16:55:05.085" endtime="20230126 16:55:05.248"/>
</kw>
<kw name="Sleep" library="BuiltIn">
<arg>5</arg>
<doc>Pauses the test executed for the given time.</doc>
<msg timestamp="20230126 16:55:10.249" level="INFO">Slept 5 seconds</msg>
<status status="PASS" starttime="20230126 16:55:05.248" endtime="20230126 16:55:10.249"/>
</kw>
<kw name="Select From List By Index" library="SeleniumLibrary">
<arg>xpath://body/div[@id='wrapper']/main[@id='main']/div[1]/div[1]/div[1]/aside[1]/div[2]/div[6]/div[2]/select[1]</arg>
<arg>1</arg>
<doc>Selects options from selection list ``locator`` by ``indexes``.</doc>
<msg timestamp="20230126 16:55:10.253" level="INFO">Selecting options from selection list 'xpath://body/div[@id='wrapper']/main[@id='main']/div[1]/div[1]/div[1]/aside[1]/div[2]/div[6]/div[2]/select[1]' by index 1.</msg>
<status status="PASS" starttime="20230126 16:55:10.250" endtime="20230126 16:55:10.386"/>
</kw>
<kw name="Sleep" library="BuiltIn">
<arg>5</arg>
<doc>Pauses the test executed for the given time.</doc>
<msg timestamp="20230126 16:55:15.386" level="INFO">Slept 5 seconds</msg>
<status status="PASS" starttime="20230126 16:55:10.386" endtime="20230126 16:55:15.386"/>
</kw>
<kw name="Select From List By Index" library="SeleniumLibrary">
<arg>xpath://body/div[@id='wrapper']/main[@id='main']/div[1]/div[1]/div[1]/aside[1]/div[2]/div[7]/div[2]/select[1]</arg>
<arg>1</arg>
<doc>Selects options from selection list ``locator`` by ``indexes``.</doc>
<msg timestamp="20230126 16:55:15.389" level="INFO">Selecting options from selection list 'xpath://body/div[@id='wrapper']/main[@id='main']/div[1]/div[1]/div[1]/aside[1]/div[2]/div[7]/div[2]/select[1]' by index 1.</msg>
<status status="PASS" starttime="20230126 16:55:15.387" endtime="20230126 16:55:15.512"/>
</kw>
<kw name="Sleep" library="BuiltIn">
<arg>5</arg>
<doc>Pauses the test executed for the given time.</doc>
<msg timestamp="20230126 16:55:20.513" level="INFO">Slept 5 seconds</msg>
<status status="PASS" starttime="20230126 16:55:15.513" endtime="20230126 16:55:20.513"/>
</kw>
<kw name="Select From List By Index" library="SeleniumLibrary">
<arg>xpath://body/div[@id='wrapper']/main[@id='main']/div[1]/div[1]/div[1]/aside[1]/div[2]/div[8]/div[2]/select[1]</arg>
<arg>1</arg>
<doc>Selects options from selection list ``locator`` by ``indexes``.</doc>
<msg timestamp="20230126 16:55:20.514" level="INFO">Selecting options from selection list 'xpath://body/div[@id='wrapper']/main[@id='main']/div[1]/div[1]/div[1]/aside[1]/div[2]/div[8]/div[2]/select[1]' by index 1.</msg>
<status status="PASS" starttime="20230126 16:55:20.513" endtime="20230126 16:55:20.633"/>
</kw>
<kw name="Sleep" library="BuiltIn">
<arg>5</arg>
<doc>Pauses the test executed for the given time.</doc>
<msg timestamp="20230126 16:55:25.634" level="INFO">Slept 5 seconds</msg>
<status status="PASS" starttime="20230126 16:55:20.633" endtime="20230126 16:55:25.634"/>
</kw>
<kw name="Click Button" library="SeleniumLibrary">
<arg>xpath://button[contains(text(),'Filtre')]</arg>
<doc>Clicks the button identified by ``locator``.</doc>
<msg timestamp="20230126 16:55:25.638" level="INFO">Clicking button 'xpath://button[contains(text(),'Filtre')]'.</msg>
<status status="PASS" starttime="20230126 16:55:25.635" endtime="20230126 16:55:27.615"/>
</kw>
<kw name="Sleep" library="BuiltIn">
<arg>10</arg>
<doc>Pauses the test executed for the given time.</doc>
<msg timestamp="20230126 16:55:37.618" level="INFO">Slept 10 seconds</msg>
<status status="PASS" starttime="20230126 16:55:27.615" endtime="20230126 16:55:37.618"/>
</kw>
<status status="PASS" starttime="20230126 16:54:39.481" endtime="20230126 16:55:37.619"/>
</kw>
<status status="PASS" starttime="20230126 16:54:22.218" endtime="20230126 16:55:37.622"/>
</test>
<doc>Alimentation DC</doc>
<status status="PASS" starttime="20230126 16:54:21.872" endtime="20230126 16:55:37.628"/>
</suite>
<statistics>
<total>
<stat pass="1" fail="0" skip="0">All Tests</stat>
</total>
<tag>
</tag>
<suite>
<stat pass="1" fail="0" skip="0" id="s1" name="Test V-Acc">Test V-Acc</stat>
</suite>
</statistics>
<errors>
</errors>
</robot>
